c:\users\tim\documents\visual studio 2013\projects\sdlproject\sdlproject\debug\vc120.pdb
c:\users\tim\documents\visual studio 2013\projects\sdlproject\sdlproject\debug\vc120.idb
c:\users\tim\documents\visual studio 2013\projects\sdlproject\sdlproject\debug\baseentity.obj
c:\users\tim\documents\visual studio 2013\projects\sdlproject\sdlproject\debug\commandsystem.obj
c:\users\tim\documents\visual studio 2013\projects\sdlproject\sdlproject\debug\componentmanager.obj
c:\users\tim\documents\visual studio 2013\projects\sdlproject\sdlproject\debug\entitymanager.obj
c:\users\tim\documents\visual studio 2013\projects\sdlproject\sdlproject\debug\game.obj
c:\users\tim\documents\visual studio 2013\projects\sdlproject\sdlproject\debug\input.obj
c:\users\tim\documents\visual studio 2013\projects\sdlproject\sdlproject\debug\inputsystem.obj
c:\users\tim\documents\visual studio 2013\projects\sdlproject\sdlproject\debug\main.obj
c:\users\tim\documents\visual studio 2013\projects\sdlproject\sdlproject\debug\map.obj
c:\users\tim\documents\visual studio 2013\projects\sdlproject\sdlproject\debug\mapcomponent.obj
c:\users\tim\documents\visual studio 2013\projects\sdlproject\sdlproject\debug\movementsystem.obj
c:\users\tim\documents\visual studio 2013\projects\sdlproject\sdlproject\debug\player.obj
c:\users\tim\documents\visual studio 2013\projects\sdlproject\sdlproject\debug\playerentity.obj
c:\users\tim\documents\visual studio 2013\projects\sdlproject\sdlproject\debug\positioncomponent.obj
c:\users\tim\documents\visual studio 2013\projects\sdlproject\sdlproject\debug\renderable.obj
c:\users\tim\documents\visual studio 2013\projects\sdlproject\sdlproject\debug\texture.obj
c:\users\tim\documents\visual studio 2013\projects\sdlproject\sdlproject\debug\texturecomponent.obj
c:\users\tim\documents\visual studio 2013\projects\sdlproject\sdlproject\debug\timer.obj
c:\users\tim\documents\visual studio 2013\projects\sdlproject\sdlproject\debug\wallentity.obj
c:\users\tim\documents\visual studio 2013\projects\sdlproject\sdlproject\debug\window.obj
c:\users\tim\documents\visual studio 2013\projects\sdlproject\sdlproject\debug\aicomponent.obj
c:\users\tim\documents\visual studio 2013\projects\sdlproject\sdlproject\debug\aisystem.obj
c:\users\tim\documents\visual studio 2013\projects\sdlproject\sdlproject\debug\aitestentity.obj
c:\users\tim\documents\visual studio 2013\projects\sdlproject\debug\sdlproject.ilk
c:\users\tim\documents\visual studio 2013\projects\sdlproject\debug\sdlproject.exe
c:\users\tim\documents\visual studio 2013\projects\sdlproject\debug\sdlproject.pdb
c:\users\tim\documents\visual studio 2013\projects\sdlproject\sdlproject\debug\sdlproject.tlog\cl.command.1.tlog
c:\users\tim\documents\visual studio 2013\projects\sdlproject\sdlproject\debug\sdlproject.tlog\cl.read.1.tlog
c:\users\tim\documents\visual studio 2013\projects\sdlproject\sdlproject\debug\sdlproject.tlog\cl.write.1.tlog
c:\users\tim\documents\visual studio 2013\projects\sdlproject\sdlproject\debug\sdlproject.tlog\link.command.1.tlog
c:\users\tim\documents\visual studio 2013\projects\sdlproject\sdlproject\debug\sdlproject.tlog\link.read.1.tlog
c:\users\tim\documents\visual studio 2013\projects\sdlproject\sdlproject\debug\sdlproject.tlog\link.write.1.tlog
